1736423451417	geckodriver	INFO	Listening on 127.0.0.1:54760
1736423454483	mozrunner::runner	INFO	Running command: "C:\\Program Files\\Mozilla Firefox\\firefox.exe" "--marionette" "--remote-debugging-port" "54761" "--remote-allow-hosts" "localhost" "-no-remote" "-profile" "C:\\Users\\dens\\AppData\\Local\\Temp\\rust_mozprofileCRbx6Y"
console.warn: services.settings: Ignoring preference override of remote settings server
console.warn: services.settings: Allow by setting MOZ_REMOTE_SETTINGS_DEVTOOLS=1 in the environment
Dynamically enable window occlusion 0
1736423454672	Marionette	INFO	Marionette enabled
1736423454735	Marionette	INFO	Listening on port 54770
WebDriver BiDi listening on ws://127.0.0.1:54761
Read port: 54770
1736423454834	RemoteAgent	WARN	TLS certificate errors will be ignored for this session
DevTools listening on ws://127.0.0.1:54761/devtools/browser/be88cf68-948c-4451-9bc9-33e26766adbc
JavaScript warning: https://pagead2.googlesyndication.com/bg/-ZrLev80KaSl5LH5OCbnZGHu6yLSb3tRGuwaxGVnUsM.js line 2 > eval line 3535 > eval line 1 > eval line 1 > eval, line 1: WEBGL_debug_renderer_info is deprecated in Firefox and will be removed. Please use RENDERER.
console.warn: LoginRecipes: "Falling back to a synchronous message for: https://biblus.in."
console.warn: LoginRecipes: "Falling back to a synchronous message for: https://biblus.in."
JavaScript warning: https://pagead2.googlesyndication.com/bg/-ZrLev80KaSl5LH5OCbnZGHu6yLSb3tRGuwaxGVnUsM.js line 2 > eval line 68 > eval line 1 > eval line 1 > eval, line 1: WEBGL_debug_renderer_info is deprecated in Firefox and will be removed. Please use RENDERER.
JavaScript warning: https://pagead2.googlesyndication.com/bg/-ZrLev80KaSl5LH5OCbnZGHu6yLSb3tRGuwaxGVnUsM.js line 2 > eval line 4886 > eval line 1 > eval line 1 > eval, line 1: WEBGL_debug_renderer_info is deprecated in Firefox and will be removed. Please use RENDERER.
JavaScript error: , line 0: NotAllowedError: The play method is not allowed by the user agent or the platform in the current context, possibly because the user denied permission.
JavaScript warning: https://pagead2.googlesyndication.com/bg/-ZrLev80KaSl5LH5OCbnZGHu6yLSb3tRGuwaxGVnUsM.js line 2 > eval line 1495 > eval line 1 > eval line 1 > eval, line 1: WEBGL_debug_renderer_info is deprecated in Firefox and will be removed. Please use RENDERER.
JavaScript warning: https://yastatic.net/partner-code-bundles/1183758/bb9c7f5b5546bf5c4ad9.js, line 2: Script terminated by timeout at:
88725/<@https://yastatic.net/partner-code-bundles/1183758/bb9c7f5b5546bf5c4ad9.js:2:35007
r@https://yastatic.net/partner-code-bundles/1183758/bb9c7f5b5546bf5c4ad9.js:2:3995

JavaScript error: , line 0: NotAllowedError: The play method is not allowed by the user agent or the platform in the current context, possibly because the user denied permission.
JavaScript warning: https://pagead2.googlesyndication.com/bg/-ZrLev80KaSl5LH5OCbnZGHu6yLSb3tRGuwaxGVnUsM.js line 2 > eval line 2608 > eval line 1 > eval line 1 > eval, line 1: WEBGL_debug_renderer_info is deprecated in Firefox and will be removed. Please use RENDERER.
JavaScript warning: https://yastatic.net/partner-code-bundles/1183758/bb9c7f5b5546bf5c4ad9.js, line 2: Script terminated by timeout at:
88725/<@https://yastatic.net/partner-code-bundles/1183758/bb9c7f5b5546bf5c4ad9.js:2:35007
r@https://yastatic.net/partner-code-bundles/1183758/bb9c7f5b5546bf5c4ad9.js:2:3995

JavaScript error: , line 0: NotAllowedError: The play method is not allowed by the user agent or the platform in the current context, possibly because the user denied permission.
JavaScript warning: https://pagead2.googlesyndication.com/bg/-ZrLev80KaSl5LH5OCbnZGHu6yLSb3tRGuwaxGVnUsM.js line 2 > eval line 5918 > eval line 1 > eval line 1 > eval, line 1: WEBGL_debug_renderer_info is deprecated in Firefox and will be removed. Please use RENDERER.
JavaScript warning: https://yastatic.net/partner-code-bundles/1183758/bb9c7f5b5546bf5c4ad9.js, line 2: Script terminated by timeout at:
88725/<@https://yastatic.net/partner-code-bundles/1183758/bb9c7f5b5546bf5c4ad9.js:2:35007
r@https://yastatic.net/partner-code-bundles/1183758/bb9c7f5b5546bf5c4ad9.js:2:3995

JavaScript error: , line 0: NotAllowedError: The play method is not allowed by the user agent or the platform in the current context, possibly because the user denied permission.
JavaScript warning: https://yastatic.net/partner-code-bundles/1183758/bb9c7f5b5546bf5c4ad9.js, line 2: Script terminated by timeout at:
88725/<@https://yastatic.net/partner-code-bundles/1183758/bb9c7f5b5546bf5c4ad9.js:2:35007
r@https://yastatic.net/partner-code-bundles/1183758/bb9c7f5b5546bf5c4ad9.js:2:3995

JavaScript error: , line 0: NotAllowedError: The play method is not allowed by the user agent or the platform in the current context, possibly because the user denied permission.
JavaScript warning: https://pagead2.googlesyndication.com/bg/-ZrLev80KaSl5LH5OCbnZGHu6yLSb3tRGuwaxGVnUsM.js line 2 > eval line 4252 > eval line 1 > eval line 1 > eval, line 1: WEBGL_debug_renderer_info is deprecated in Firefox and will be removed. Please use RENDERER.
JavaScript warning: https://yastatic.net/partner-code-bundles/1183758/bb9c7f5b5546bf5c4ad9.js, line 2: Script terminated by timeout at:
42998/t.NG/o/<@https://yastatic.net/partner-code-bundles/1183758/bb9c7f5b5546bf5c4ad9.js:2:3941
o@https://yastatic.net/partner-code-bundles/1183758/bb9c7f5b5546bf5c4ad9.js:2:3887
r@https://yastatic.net/partner-code-bundles/1183758/bb9c7f5b5546bf5c4ad9.js:2:4000

JavaScript error: , line 0: NotAllowedError: The play method is not allowed by the user agent or the platform in the current context, possibly because the user denied permission.
JavaScript warning: https://pagead2.googlesyndication.com/bg/-ZrLev80KaSl5LH5OCbnZGHu6yLSb3tRGuwaxGVnUsM.js line 2 > eval line 4141 > eval line 1 > eval line 1 > eval, line 1: WEBGL_debug_renderer_info is deprecated in Firefox and will be removed. Please use RENDERER.
JavaScript warning: https://yastatic.net/partner-code-bundles/1183758/bb9c7f5b5546bf5c4ad9.js, line 2: Script terminated by timeout at:
88725/<@https://yastatic.net/partner-code-bundles/1183758/bb9c7f5b5546bf5c4ad9.js:2:35007
r@https://yastatic.net/partner-code-bundles/1183758/bb9c7f5b5546bf5c4ad9.js:2:3995

JavaScript error: , line 0: NotAllowedError: The play method is not allowed by the user agent or the platform in the current context, possibly because the user denied permission.
JavaScript warning: https://pagead2.googlesyndication.com/bg/-ZrLev80KaSl5LH5OCbnZGHu6yLSb3tRGuwaxGVnUsM.js line 2 > eval line 2067 > eval line 1 > eval line 1 > eval, line 1: WEBGL_debug_renderer_info is deprecated in Firefox and will be removed. Please use RENDERER.
JavaScript warning: https://yastatic.net/partner-code-bundles/1183758/bb9c7f5b5546bf5c4ad9.js, line 2: Script terminated by timeout at:
88725/<@https://yastatic.net/partner-code-bundles/1183758/bb9c7f5b5546bf5c4ad9.js:2:35007
r@https://yastatic.net/partner-code-bundles/1183758/bb9c7f5b5546bf5c4ad9.js:2:3995

JavaScript error: , line 0: NotAllowedError: The play method is not allowed by the user agent or the platform in the current context, possibly because the user denied permission.
JavaScript warning: https://pagead2.googlesyndication.com/bg/-ZrLev80KaSl5LH5OCbnZGHu6yLSb3tRGuwaxGVnUsM.js line 2 > eval line 3311 > eval line 1 > eval line 1 > eval, line 1: WEBGL_debug_renderer_info is deprecated in Firefox and will be removed. Please use RENDERER.
JavaScript warning: https://pagead2.googlesyndication.com/pagead/managed/js/adsense/m202501030301/slotcar_library_fy2021.js, line 126: Script terminated by timeout at:
pi/<@https://pagead2.googlesyndication.com/pagead/managed/js/adsense/m202501030301/slotcar_library_fy2021.js:126:389
Nd/</<@https://pagead2.googlesyndication.com/pagead/managed/js/adsense/m202501030301/slotcar_library_fy2021.js:37:780
Md@https://pagead2.googlesyndication.com/pagead/managed/js/adsense/m202501030301/slotcar_library_fy2021.js:37:574
Nd/<@https://pagead2.googlesyndication.com/pagead/managed/js/adsense/m202501030301/slotcar_library_fy2021.js:37:769

JavaScript error: , line 0: NotAllowedError: The play method is not allowed by the user agent or the platform in the current context, possibly because the user denied permission.
JavaScript warning: https://pagead2.googlesyndication.com/bg/-ZrLev80KaSl5LH5OCbnZGHu6yLSb3tRGuwaxGVnUsM.js line 2 > eval line 3448 > eval line 1 > eval line 1 > eval, line 1: WEBGL_debug_renderer_info is deprecated in Firefox and will be removed. Please use RENDERER.
JavaScript warning: https://yastatic.net/partner-code-bundles/1183758/bb9c7f5b5546bf5c4ad9.js, line 2: Script terminated by timeout at:
88725/<@https://yastatic.net/partner-code-bundles/1183758/bb9c7f5b5546bf5c4ad9.js:2:35007
r@https://yastatic.net/partner-code-bundles/1183758/bb9c7f5b5546bf5c4ad9.js:2:3995

JavaScript error: , line 0: NotAllowedError: The play method is not allowed by the user agent or the platform in the current context, possibly because the user denied permission.
JavaScript warning: https://pagead2.googlesyndication.com/bg/-ZrLev80KaSl5LH5OCbnZGHu6yLSb3tRGuwaxGVnUsM.js line 2 > eval line 4487 > eval line 1 > eval line 1 > eval, line 1: WEBGL_debug_renderer_info is deprecated in Firefox and will be removed. Please use RENDERER.
JavaScript warning: https://yastatic.net/partner-code-bundles/1183758/bb9c7f5b5546bf5c4ad9.js, line 2: Script terminated by timeout at:
88725/<@https://yastatic.net/partner-code-bundles/1183758/bb9c7f5b5546bf5c4ad9.js:2:35007
r@https://yastatic.net/partner-code-bundles/1183758/bb9c7f5b5546bf5c4ad9.js:2:3995

1736423497680	Marionette	INFO	Stopped listening on port 54770
Dynamically enable window occlusion 1
[GFX1-]: VideoBridgeParent receives IPC close with reason=AbnormalShutdown
