1736362856053	geckodriver	INFO	Listening on 127.0.0.1:58070
1736362859151	mozrunner::runner	INFO	Running command: "C:\\Program Files\\Mozilla Firefox\\firefox.exe" "--marionette" "--remote-debugging-port" "58071" "--remote-allow-hosts" "localhost" "-no-remote" "-profile" "C:\\Users\\dens\\AppData\\Local\\Temp\\rust_mozprofileW9hG9T"
console.warn: services.settings: Ignoring preference override of remote settings server
console.warn: services.settings: Allow by setting MOZ_REMOTE_SETTINGS_DEVTOOLS=1 in the environment
Dynamically enable window occlusion 0
1736362859352	Marionette	INFO	Marionette enabled
1736362859421	Marionette	INFO	Listening on port 58079
WebDriver BiDi listening on ws://127.0.0.1:58071
Read port: 58079
1736362859520	RemoteAgent	WARN	TLS certificate errors will be ignored for this session
DevTools listening on ws://127.0.0.1:58071/devtools/browser/316c2bd1-58ae-4547-a4f4-a656ce558091
JavaScript warning: https://pagead2.googlesyndication.com/bg/ORxHnl3cHlB1TaITZFMr1qo3PR2OrDjKBQclyPUxaNk.js line 2 > eval line 5854 > eval line 1 > eval line 1 > eval, line 1: WEBGL_debug_renderer_info is deprecated in Firefox and will be removed. Please use RENDERER.
JavaScript warning: https://yastatic.net/safeframe-bundles/0.83/1-1-0/render.html line 26 > injectedScript, line 28: Script terminated by timeout at:
n@https://yastatic.net/safeframe-bundles/0.83/1-1-0/render.html line 26 > injectedScript:28:1222

console.warn: LoginRecipes: "Falling back to a synchronous message for: https://biblus.in."
console.warn: LoginRecipes: "Falling back to a synchronous message for: https://biblus.in."
JavaScript warning: https://pagead2.googlesyndication.com/bg/ORxHnl3cHlB1TaITZFMr1qo3PR2OrDjKBQclyPUxaNk.js line 2 > eval line 4617 > eval line 1 > eval line 1 > eval, line 1: WEBGL_debug_renderer_info is deprecated in Firefox and will be removed. Please use RENDERER.
JavaScript warning: https://pagead2.googlesyndication.com/bg/ORxHnl3cHlB1TaITZFMr1qo3PR2OrDjKBQclyPUxaNk.js line 2 > eval line 450 > eval line 1 > eval line 1 > eval, line 1: WEBGL_debug_renderer_info is deprecated in Firefox and will be removed. Please use RENDERER.
JavaScript warning: https://yastatic.net/safeframe-bundles/0.83/1-1-0/render.html line 26 > injectedScript, line 28: Script terminated by timeout at:
n@https://yastatic.net/safeframe-bundles/0.83/1-1-0/render.html line 26 > injectedScript:28:1222

JavaScript warning: https://pagead2.googlesyndication.com/bg/ORxHnl3cHlB1TaITZFMr1qo3PR2OrDjKBQclyPUxaNk.js line 2 > eval line 5021 > eval line 1 > eval line 1 > eval, line 1: WEBGL_debug_renderer_info is deprecated in Firefox and will be removed. Please use RENDERER.
JavaScript error: , line 0: NotAllowedError: The play method is not allowed by the user agent or the platform in the current context, possibly because the user denied permission.
JavaScript warning: https://pagead2.googlesyndication.com/bg/ORxHnl3cHlB1TaITZFMr1qo3PR2OrDjKBQclyPUxaNk.js line 2 > eval line 223 > eval line 1 > eval line 1 > eval, line 1: WEBGL_debug_renderer_info is deprecated in Firefox and will be removed. Please use RENDERER.
JavaScript warning: https://yastatic.net/partner-code-bundles/1183758/bb9c7f5b5546bf5c4ad9.js, line 2: Script terminated by timeout at:
88725/<@https://yastatic.net/partner-code-bundles/1183758/bb9c7f5b5546bf5c4ad9.js:2:35007
r@https://yastatic.net/partner-code-bundles/1183758/bb9c7f5b5546bf5c4ad9.js:2:3995

JavaScript error: , line 0: NotAllowedError: The play method is not allowed by the user agent or the platform in the current context, possibly because the user denied permission.
JavaScript warning: https://yastatic.net/partner-code-bundles/1183758/bb9c7f5b5546bf5c4ad9.js, line 2: Script terminated by timeout at:
88725/<@https://yastatic.net/partner-code-bundles/1183758/bb9c7f5b5546bf5c4ad9.js:2:35007
r@https://yastatic.net/partner-code-bundles/1183758/bb9c7f5b5546bf5c4ad9.js:2:3995

JavaScript error: , line 0: NotAllowedError: The play method is not allowed by the user agent or the platform in the current context, possibly because the user denied permission.
JavaScript warning: https://pagead2.googlesyndication.com/bg/ORxHnl3cHlB1TaITZFMr1qo3PR2OrDjKBQclyPUxaNk.js line 2 > eval line 5890 > eval line 1 > eval line 1 > eval, line 1: WEBGL_debug_renderer_info is deprecated in Firefox and will be removed. Please use RENDERER.
JavaScript warning: https://yastatic.net/partner-code-bundles/1183758/bb9c7f5b5546bf5c4ad9.js, line 2: Script terminated by timeout at:
88725/<@https://yastatic.net/partner-code-bundles/1183758/bb9c7f5b5546bf5c4ad9.js:2:35007
r@https://yastatic.net/partner-code-bundles/1183758/bb9c7f5b5546bf5c4ad9.js:2:3995

JavaScript error: , line 0: NotAllowedError: The play method is not allowed by the user agent or the platform in the current context, possibly because the user denied permission.
JavaScript warning: https://yastatic.net/partner-code-bundles/1183758/bb9c7f5b5546bf5c4ad9.js, line 2: Script terminated by timeout at:
42998/t.NG/o/<@https://yastatic.net/partner-code-bundles/1183758/bb9c7f5b5546bf5c4ad9.js:2:3941
o@https://yastatic.net/partner-code-bundles/1183758/bb9c7f5b5546bf5c4ad9.js:2:3887
r@https://yastatic.net/partner-code-bundles/1183758/bb9c7f5b5546bf5c4ad9.js:2:4000

JavaScript warning: https://pagead2.googlesyndication.com/bg/ORxHnl3cHlB1TaITZFMr1qo3PR2OrDjKBQclyPUxaNk.js line 2 > eval line 2245 > eval, line 1: Script terminated by timeout at:
V@https://pagead2.googlesyndication.com/bg/ORxHnl3cHlB1TaITZFMr1qo3PR2OrDjKBQclyPUxaNk.js line 2 > eval line 2245 > eval:1:11
Op@https://pagead2.googlesyndication.com/bg/ORxHnl3cHlB1TaITZFMr1qo3PR2OrDjKBQclyPUxaNk.js line 2 > eval line 2245 > eval:1:114
@https://pagead2.googlesyndication.com/bg/ORxHnl3cHlB1TaITZFMr1qo3PR2OrDjKBQclyPUxaNk.js line 2 > eval line 2245 > eval:1:98
KQ@https://pagead2.googlesyndication.com/bg/ORxHnl3cHlB1TaITZFMr1qo3PR2OrDjKBQclyPUxaNk.js line 2 > eval:2245:22844
bq@https://pagead2.googlesyndication.com/bg/ORxHnl3cHlB1TaITZFMr1qo3PR2OrDjKBQclyPUxaNk.js line 2 > eval:2245:20361
J.C</<@https://pagead2.googlesyndication.com/bg/ORxHnl3cHlB1TaITZFMr1qo3PR2OrDjKBQclyPUxaNk.js line 2 > eval:2245:51191
OD@https://pagead2.googlesyndication.com/bg/ORxHnl3cHlB1TaITZFMr1qo3PR2OrDjKBQclyPUxaNk.js line 2 > eval:2245:21095
M@https://pagead2.googlesyndication.com/bg/ORxHnl3cHlB1TaITZFMr1qo3PR2OrDjKBQclyPUxaNk.js line 2 > eval:2245:16172
t@https://pagead2.googlesyndication.com/bg/ORxHnl3cHlB1TaITZFMr1qo3PR2OrDjKBQclyPUxaNk.js line 2 > eval:2245:1229
M/<@https://pagead2.googlesyndication.com/bg/ORxHnl3cHlB1TaITZFMr1qo3PR2OrDjKBQclyPUxaNk.js line 2 > eval:2245:16360
$8</<@https://pagead2.googlesyndication.com/bg/ORxHnl3cHlB1TaITZFMr1qo3PR2OrDjKBQclyPUxaNk.js line 2 > eval:2245:48195

JavaScript error: , line 0: NotAllowedError: The play method is not allowed by the user agent or the platform in the current context, possibly because the user denied permission.
JavaScript warning: https://pagead2.googlesyndication.com/bg/ORxHnl3cHlB1TaITZFMr1qo3PR2OrDjKBQclyPUxaNk.js line 2 > eval line 6904 > eval line 1 > eval line 1 > eval, line 1: WEBGL_debug_renderer_info is deprecated in Firefox and will be removed. Please use RENDERER.
JavaScript error: , line 0: NotAllowedError: The play method is not allowed by the user agent or the platform in the current context, possibly because the user denied permission.
JavaScript warning: https://pagead2.googlesyndication.com/bg/ORxHnl3cHlB1TaITZFMr1qo3PR2OrDjKBQclyPUxaNk.js line 2 > eval line 6296 > eval line 1 > eval line 1 > eval, line 1: WEBGL_debug_renderer_info is deprecated in Firefox and will be removed. Please use RENDERER.
JavaScript warning: https://yastatic.net/partner-code-bundles/1183758/bb9c7f5b5546bf5c4ad9.js, line 2: Script terminated by timeout at:
88725/<@https://yastatic.net/partner-code-bundles/1183758/bb9c7f5b5546bf5c4ad9.js:2:35007
r@https://yastatic.net/partner-code-bundles/1183758/bb9c7f5b5546bf5c4ad9.js:2:3995

JavaScript error: , line 0: NotAllowedError: The play method is not allowed by the user agent or the platform in the current context, possibly because the user denied permission.
JavaScript warning: https://yastatic.net/partner-code-bundles/1183758/bb9c7f5b5546bf5c4ad9.js, line 2: Script terminated by timeout at:
88725/<@https://yastatic.net/partner-code-bundles/1183758/bb9c7f5b5546bf5c4ad9.js:2:35007
r@https://yastatic.net/partner-code-bundles/1183758/bb9c7f5b5546bf5c4ad9.js:2:3995

JavaScript warning: https://pagead2.googlesyndication.com/bg/ORxHnl3cHlB1TaITZFMr1qo3PR2OrDjKBQclyPUxaNk.js line 2 > eval line 5409 > eval line 1 > eval line 1 > eval, line 1: Script terminated by timeout at:
eb@https://pagead2.googlesyndication.com/bg/ORxHnl3cHlB1TaITZFMr1qo3PR2OrDjKBQclyPUxaNk.js line 2 > eval line 5409 > eval line 1 > eval line 1 > eval:1:122
V@https://pagead2.googlesyndication.com/bg/ORxHnl3cHlB1TaITZFMr1qo3PR2OrDjKBQclyPUxaNk.js line 2 > eval line 5409 > eval line 1 > eval line 1 > eval:1:379
@https://pagead2.googlesyndication.com/bg/ORxHnl3cHlB1TaITZFMr1qo3PR2OrDjKBQclyPUxaNk.js line 2 > eval line 5409 > eval line 1 > eval line 1 > eval:1:38
KQ@https://pagead2.googlesyndication.com/bg/ORxHnl3cHlB1TaITZFMr1qo3PR2OrDjKBQclyPUxaNk.js line 2 > eval line 5409 > eval line 1 > eval line 1 > eval:1:206
bq@https://pagead2.googlesyndication.com/bg/ORxHnl3cHlB1TaITZFMr1qo3PR2OrDjKBQclyPUxaNk.js line 2 > eval line 5409 > eval line 1 > eval line 1 > eval:1:45
J.C</<@https://pagead2.googlesyndication.com/bg/ORxHnl3cHlB1TaITZFMr1qo3PR2OrDjKBQclyPUxaNk.js line 2 > eval:5409:51191
OD@https://pagead2.googlesyndication.com/bg/ORxHnl3cHlB1TaITZFMr1qo3PR2OrDjKBQclyPUxaNk.js line 2 > eval:5409:21095
M@https://pagead2.googlesyndication.com/bg/ORxHnl3cHlB1TaITZFMr1qo3PR2OrDjKBQclyPUxaNk.js line 2 > eval:5409:16172
t@https://pagead2.googlesyndication.com/bg/ORxHnl3cHlB1TaITZFMr1qo3PR2OrDjKBQclyPUxaNk.js line 2 > eval:5409:1229
M/<@https://pagead2.googlesyndication.com/bg/ORxHnl3cHlB1TaITZFMr1qo3PR2OrDjKBQclyPUxaNk.js line 2 > eval:5409:16360
$8</<@https://pagead2.googlesyndication.com/bg/ORxHnl3cHlB1TaITZFMr1qo3PR2OrDjKBQclyPUxaNk.js line 2 > eval:5409:48195

JavaScript error: , line 0: NotAllowedError: The play method is not allowed by the user agent or the platform in the current context, possibly because the user denied permission.
JavaScript warning: https://yastatic.net/partner-code-bundles/1183758/bb9c7f5b5546bf5c4ad9.js, line 2: Script terminated by timeout at:
88725/<@https://yastatic.net/partner-code-bundles/1183758/bb9c7f5b5546bf5c4ad9.js:2:35007
r@https://yastatic.net/partner-code-bundles/1183758/bb9c7f5b5546bf5c4ad9.js:2:3995

JavaScript error: , line 0: NotAllowedError: The play method is not allowed by the user agent or the platform in the current context, possibly because the user denied permission.
JavaScript warning: https://pagead2.googlesyndication.com/bg/ORxHnl3cHlB1TaITZFMr1qo3PR2OrDjKBQclyPUxaNk.js line 2 > eval line 1338 > eval line 1 > eval line 1 > eval, line 1: WEBGL_debug_renderer_info is deprecated in Firefox and will be removed. Please use RENDERER.
JavaScript warning: https://yastatic.net/partner-code-bundles/1183758/28c60da322306eea85f3.js, line 2: Script terminated by timeout at:
callback@https://yastatic.net/partner-code-bundles/1183758/28c60da322306eea85f3.js:2:587986
51865/t.prototype.start/this.timer<@https://yastatic.net/partner-code-bundles/1183758/28c60da322306eea85f3.js:2:592493
23873/t.protect/<@https://yandex.ru/ads/system/context.js:2:136642

JavaScript error: , line 0: NotAllowedError: The play method is not allowed by the user agent or the platform in the current context, possibly because the user denied permission.
JavaScript warning: https://mc.yandex.ru/metrika/tag.js, line 212: Script terminated by timeout at:
d@https://mc.yandex.ru/metrika/tag.js:212:492

1736362908985	Marionette	INFO	Stopped listening on port 58079
JavaScript warning: https://cdn.adfinity.pro/code/1492/adfinity.js, line 2: Script terminated by timeout at:
35/t/<@https://cdn.adfinity.pro/code/1492/adfinity.js:2:130701

Dynamically enable window occlusion 1
[GFX1-]: VideoBridgeParent receives IPC close with reason=AbnormalShutdown
