1736364324845	geckodriver	INFO	Listening on 127.0.0.1:58767
1736364327928	mozrunner::runner	INFO	Running command: "C:\\Program Files\\Mozilla Firefox\\firefox.exe" "--marionette" "--remote-debugging-port" "58768" "--remote-allow-hosts" "localhost" "-no-remote" "-profile" "C:\\Users\\dens\\AppData\\Local\\Temp\\rust_mozprofilevnLIYl"
console.warn: services.settings: Ignoring preference override of remote settings server
console.warn: services.settings: Allow by setting MOZ_REMOTE_SETTINGS_DEVTOOLS=1 in the environment
Dynamically enable window occlusion 0
1736364328122	Marionette	INFO	Marionette enabled
1736364328188	Marionette	INFO	Listening on port 58776
WebDriver BiDi listening on ws://127.0.0.1:58768
Read port: 58776
1736364328287	RemoteAgent	WARN	TLS certificate errors will be ignored for this session
DevTools listening on ws://127.0.0.1:58768/devtools/browser/3631f2b7-98a0-44e4-bd01-32aba5161521
JavaScript warning: https://pagead2.googlesyndication.com/bg/ORxHnl3cHlB1TaITZFMr1qo3PR2OrDjKBQclyPUxaNk.js line 2 > eval line 3401 > eval line 1 > eval line 1 > eval, line 1: WEBGL_debug_renderer_info is deprecated in Firefox and will be removed. Please use RENDERER.
console.warn: LoginRecipes: "Falling back to a synchronous message for: https://biblus.in."
console.warn: LoginRecipes: "Falling back to a synchronous message for: https://biblus.in."
JavaScript warning: https://pagead2.googlesyndication.com/bg/ORxHnl3cHlB1TaITZFMr1qo3PR2OrDjKBQclyPUxaNk.js line 2 > eval line 3603 > eval line 1 > eval line 1 > eval, line 1: WEBGL_debug_renderer_info is deprecated in Firefox and will be removed. Please use RENDERER.
JavaScript warning: https://pagead2.googlesyndication.com/bg/ORxHnl3cHlB1TaITZFMr1qo3PR2OrDjKBQclyPUxaNk.js line 2 > eval line 5089 > eval line 1 > eval line 1 > eval, line 1: WEBGL_debug_renderer_info is deprecated in Firefox and will be removed. Please use RENDERER.
JavaScript warning: https://yastatic.net/safeframe-bundles/0.83/1-1-0/render.html line 26 > injectedScript, line 28: Script terminated by timeout at:
n@https://yastatic.net/safeframe-bundles/0.83/1-1-0/render.html line 26 > injectedScript:28:1222

JavaScript warning: https://pagead2.googlesyndication.com/bg/ORxHnl3cHlB1TaITZFMr1qo3PR2OrDjKBQclyPUxaNk.js line 2 > eval line 5071 > eval line 1 > eval line 1 > eval, line 1: WEBGL_debug_renderer_info is deprecated in Firefox and will be removed. Please use RENDERER.
JavaScript error: , line 0: NotAllowedError: The play method is not allowed by the user agent or the platform in the current context, possibly because the user denied permission.
JavaScript warning: https://yastatic.net/partner-code-bundles/1183758/bb9c7f5b5546bf5c4ad9.js, line 2: Script terminated by timeout at:
88725/<@https://yastatic.net/partner-code-bundles/1183758/bb9c7f5b5546bf5c4ad9.js:2:35007
r@https://yastatic.net/partner-code-bundles/1183758/bb9c7f5b5546bf5c4ad9.js:2:3995

JavaScript error: , line 0: NotAllowedError: The play method is not allowed by the user agent or the platform in the current context, possibly because the user denied permission.
JavaScript warning: https://pagead2.googlesyndication.com/bg/ORxHnl3cHlB1TaITZFMr1qo3PR2OrDjKBQclyPUxaNk.js line 2 > eval line 5330 > eval line 1 > eval line 1 > eval, line 1: WEBGL_debug_renderer_info is deprecated in Firefox and will be removed. Please use RENDERER.
JavaScript warning: https://yastatic.net/partner-code-bundles/1183758/bb9c7f5b5546bf5c4ad9.js, line 2: Script terminated by timeout at:
88725/<@https://yastatic.net/partner-code-bundles/1183758/bb9c7f5b5546bf5c4ad9.js:2:35007
r@https://yastatic.net/partner-code-bundles/1183758/bb9c7f5b5546bf5c4ad9.js:2:3995

JavaScript error: , line 0: NotAllowedError: The play method is not allowed by the user agent or the platform in the current context, possibly because the user denied permission.
JavaScript warning: https://pagead2.googlesyndication.com/bg/ORxHnl3cHlB1TaITZFMr1qo3PR2OrDjKBQclyPUxaNk.js line 2 > eval line 7139 > eval line 1 > eval line 1 > eval, line 1: WEBGL_debug_renderer_info is deprecated in Firefox and will be removed. Please use RENDERER.
JavaScript warning: https://yastatic.net/partner-code-bundles/1183758/bb9c7f5b5546bf5c4ad9.js, line 2: Script terminated by timeout at:
88725/<@https://yastatic.net/partner-code-bundles/1183758/bb9c7f5b5546bf5c4ad9.js:2:35007
r@https://yastatic.net/partner-code-bundles/1183758/bb9c7f5b5546bf5c4ad9.js:2:3995

JavaScript error: , line 0: NotAllowedError: The play method is not allowed by the user agent or the platform in the current context, possibly because the user denied permission.
JavaScript warning: https://pagead2.googlesyndication.com/bg/ORxHnl3cHlB1TaITZFMr1qo3PR2OrDjKBQclyPUxaNk.js line 2 > eval line 195 > eval line 1 > eval line 1 > eval, line 1: WEBGL_debug_renderer_info is deprecated in Firefox and will be removed. Please use RENDERER.
JavaScript warning: https://yastatic.net/partner-code-bundles/1183758/bb9c7f5b5546bf5c4ad9.js, line 2: Script terminated by timeout at:
88725/<@https://yastatic.net/partner-code-bundles/1183758/bb9c7f5b5546bf5c4ad9.js:2:35007
r@https://yastatic.net/partner-code-bundles/1183758/bb9c7f5b5546bf5c4ad9.js:2:3995

JavaScript error: , line 0: NotAllowedError: The play method is not allowed by the user agent or the platform in the current context, possibly because the user denied permission.
JavaScript warning: https://pagead2.googlesyndication.com/bg/ORxHnl3cHlB1TaITZFMr1qo3PR2OrDjKBQclyPUxaNk.js line 2 > eval line 3330 > eval line 1 > eval line 1 > eval, line 1: WEBGL_debug_renderer_info is deprecated in Firefox and will be removed. Please use RENDERER.
JavaScript warning: https://yastatic.net/partner-code-bundles/1183758/bb9c7f5b5546bf5c4ad9.js, line 2: Script terminated by timeout at:
88725/<@https://yastatic.net/partner-code-bundles/1183758/bb9c7f5b5546bf5c4ad9.js:2:35007
r@https://yastatic.net/partner-code-bundles/1183758/bb9c7f5b5546bf5c4ad9.js:2:3995

JavaScript error: , line 0: NotAllowedError: The play method is not allowed by the user agent or the platform in the current context, possibly because the user denied permission.
JavaScript warning: https://pagead2.googlesyndication.com/bg/ORxHnl3cHlB1TaITZFMr1qo3PR2OrDjKBQclyPUxaNk.js line 2 > eval line 1692 > eval line 1 > eval line 1 > eval, line 1: WEBGL_debug_renderer_info is deprecated in Firefox and will be removed. Please use RENDERER.
JavaScript warning: https://yastatic.net/partner-code-bundles/1183758/bb9c7f5b5546bf5c4ad9.js, line 2: Script terminated by timeout at:
88725/<@https://yastatic.net/partner-code-bundles/1183758/bb9c7f5b5546bf5c4ad9.js:2:35007
r@https://yastatic.net/partner-code-bundles/1183758/bb9c7f5b5546bf5c4ad9.js:2:3995

JavaScript error: , line 0: NotAllowedError: The play method is not allowed by the user agent or the platform in the current context, possibly because the user denied permission.
JavaScript warning: https://pagead2.googlesyndication.com/bg/ORxHnl3cHlB1TaITZFMr1qo3PR2OrDjKBQclyPUxaNk.js line 2 > eval line 7797 > eval line 1 > eval line 1 > eval, line 1: WEBGL_debug_renderer_info is deprecated in Firefox and will be removed. Please use RENDERER.
JavaScript error: , line 0: NotAllowedError: The play method is not allowed by the user agent or the platform in the current context, possibly because the user denied permission.
JavaScript warning: https://pagead2.googlesyndication.com/bg/ORxHnl3cHlB1TaITZFMr1qo3PR2OrDjKBQclyPUxaNk.js line 2 > eval line 7478 > eval line 1 > eval line 1 > eval, line 1: WEBGL_debug_renderer_info is deprecated in Firefox and will be removed. Please use RENDERER.
JavaScript warning: https://yastatic.net/partner-code-bundles/1183758/bb9c7f5b5546bf5c4ad9.js, line 2: Script terminated by timeout at:
88725/<@https://yastatic.net/partner-code-bundles/1183758/bb9c7f5b5546bf5c4ad9.js:2:35007
r@https://yastatic.net/partner-code-bundles/1183758/bb9c7f5b5546bf5c4ad9.js:2:3995

JavaScript error: , line 0: NotAllowedError: The play method is not allowed by the user agent or the platform in the current context, possibly because the user denied permission.
JavaScript warning: https://pagead2.googlesyndication.com/bg/ORxHnl3cHlB1TaITZFMr1qo3PR2OrDjKBQclyPUxaNk.js line 2 > eval line 2763 > eval line 1 > eval line 1 > eval, line 1: WEBGL_debug_renderer_info is deprecated in Firefox and will be removed. Please use RENDERER.
JavaScript warning: https://yastatic.net/partner-code-bundles/1183758/bb9c7f5b5546bf5c4ad9.js, line 2: Script terminated by timeout at:
88725/<@https://yastatic.net/partner-code-bundles/1183758/bb9c7f5b5546bf5c4ad9.js:2:35007
r@https://yastatic.net/partner-code-bundles/1183758/bb9c7f5b5546bf5c4ad9.js:2:3995

JavaScript error: , line 0: NotAllowedError: The play method is not allowed by the user agent or the platform in the current context, possibly because the user denied permission.
JavaScript warning: https://pagead2.googlesyndication.com/bg/ORxHnl3cHlB1TaITZFMr1qo3PR2OrDjKBQclyPUxaNk.js line 2 > eval line 6298 > eval line 1 > eval line 1 > eval, line 1: WEBGL_debug_renderer_info is deprecated in Firefox and will be removed. Please use RENDERER.
JavaScript warning: https://yastatic.net/partner-code-bundles/1183758/bb9c7f5b5546bf5c4ad9.js, line 2: Script terminated by timeout at:
88725/<@https://yastatic.net/partner-code-bundles/1183758/bb9c7f5b5546bf5c4ad9.js:2:35007
r@https://yastatic.net/partner-code-bundles/1183758/bb9c7f5b5546bf5c4ad9.js:2:3995

1736364376069	Marionette	INFO	Stopped listening on port 58776
Dynamically enable window occlusion 1
[GFX1-]: VideoBridgeParent receives IPC close with reason=AbnormalShutdown
